C51 COMPILER V8.02   MAIN                                                                  09/29/2018 18:08:53 PAGE 1   


C51 COMPILER V8.02, COMPILATION OF MODULE MAIN
OBJECT MODULE PLACED IN main.OBJ
COMPILER INVOKED BY: C:\Keil\C51\BIN\C51.EXE main.c BROWSE DEBUG OBJECTEXTEND

line level    source

   1          /*
   2                  main.c
   3                  数码管的动态扫描显示
   4          */
   5          
   6          
   7          #include <reg51.h>
   8          #include <absacc.h>
   9          
  10          
  11          //定义显示缓冲区（由定时中断程序自动扫描）
  12          unsigned char DispBuf[8];
  13          
  14          code unsigned char Tab[] =
  15                  {//定义0123456789AbCdEF的数码管字型数据，其他显示字符需自行计算，如‘-’的字形数据为0x40
  16                          0x3F,0x06,0x5B,0x4F,0x66,0x6D,0x7D,0x07,
  17                          0x7F,0x6F,0x77,0x7C,0x39,0x5E,0x79,0x71
  18                  };
  19          
  20          
  21          /*
  22          函数：T1INTSVC()
  23          功能：定时器T1的中断服务函数
  24          */
  25          void T1INTSVC() interrupt 3     //定时器1的中断号为：3
  26          {
  27   1              code unsigned char com[] = {0x01,0x02,0x04,0x08,0x10,0x20,0x40,0x80};   //显示位的端口控制字节
  28   1              static unsigned char n = 0;     //n: 扫描显示位计数,0-7
  29   1              TR1 = 0;
  30   1              TH1 = 0xFA;
  31   1              TL1 = 0x24;                                     //可以将FA24换成0000，降低扫描速度，观察和理解动态扫描
  32   1              TR1 = 1;
  33   1              XBYTE[0x7800] = 0xFF;           //暂停显示
  34   1              XBYTE[0x7801] = ~DispBuf[n];    //更新扫描显示数据
  35   1              XBYTE[0x7800] = ~com[n];        //重新显示
  36   1              n++;                                            //指向下一位扫描显示
  37   1              n &= 0x07;
  38   1      }
  39          
  40          
  41          /*
  42          函数：DispClear()
  43          功能：清除数码管的所有显示
  44          */
  45          void DispClear()
  46          {
  47   1              unsigned char i;
  48   1              for ( i=0; i<8; i++ )
  49   1              {
  50   2                      DispBuf[i] = 0x00;      //i值代表数码管的位数，可以在后面的程序观察是左起还是右起，0x00可以关闭数码管显示
  51   2              }
  52   1      }
  53          
  54          
  55          
C51 COMPILER V8.02   MAIN                                                                  09/29/2018 18:08:53 PAGE 2   

  56          
  57          /*
  58          函数：DispInit()
  59          功能：数码管扫描显示初始化
  60          */
  61          void DispInit()
  62          {
  63   1              DispClear();    //初始为全灭
  64   1              EA = 0;
  65   1              TH1 = 0xFA;             //1ms定时初值
  66   1              TL1 = 0x24;
  67   1              TR1 = 1;
  68   1              ET1 = 1;
  69   1              EA = 1;
  70   1      }
  71          
  72          
  73          /*
  74          函数：Delay()
  75          功能：延时0.01～2.56s
  76          参数：
  77                  t>0时，延时(t*0.01)s
  78                  t=0时，延时2.56s
  79          */
  80          void Delay(unsigned int t)
  81          {
  82   1              do
  83   1              {
  84   2                      TH0 = 0xC5;
  85   2                      TL0 = 0x68;      //10ms定时初值
  86   2                      TR0 = 1;
  87   2                      while ( !TF0 );
  88   2                      TR0 = 0;
  89   2                      TF0 = 0;
  90   2              } while ( --t != 0 );
  91   1      }
  92          
  93          
  94          /*
  95          函数：SysInit()
  96          功能：系统初始化
  97          */
  98          void SysInit()
  99          {
 100   1      
 101   1              TMOD = 0x11;    //设置定时器T0和T1为16位定时器
 102   1              DispInit();             //数码管扫描显示初始化
 103   1      }
 104          
 105          
 106          void main()
 107          {
 108   1              unsigned char sec;              //秒计数
 109   1              unsigned char ms10;             //10ms计数
 110   1              unsigned char dig0;             //10ms数字位
 111   1              unsigned char dig1;             //100ms数字位
 112   1              unsigned char dig2;             //秒数字个位
 113   1              unsigned char dig3;             //秒数字十位
 114   1              unsigned char flag;
 115   1              flag=1; 
 116   1      
 117   1              SysInit();
C51 COMPILER V8.02   MAIN                                                                  09/29/2018 18:08:53 PAGE 3   

 118   1      
 119   1              for(;;)
 120   1              {
 121   2                      flag=!flag;
 122   2                      for ( sec=0; sec<4; sec++ )             //显示00.00--99.99秒
 123   2                      {
 124   3                              for (ms10=0; ms10<100; ms10++)
 125   3                              {
 126   4                                      dig1 = ms10/10;
 127   4                                      dig0 = ms10%10;
 128   4                                      dig3 = sec/10;
 129   4                                      dig2 = sec%10;
 130   4                                      switch(flag)
 131   4                                      {
 132   5                                              case 0:
 133   5                                                      DispBuf[7] = Tab[9]; 
 134   5                                                      DispBuf[6] = Tab[0];
 135   5                                                      DispBuf[5] = Tab[5];
 136   5                                                      DispBuf[4] = Tab[0];
 137   5                                                      DispBuf[3] = 0x00;
 138   5                                                      DispBuf[2] = Tab[dig2] | 0x80;  // 该位带小数点显示
 139   5                                                      DispBuf[1] = Tab[dig1];
 140   5                                                      DispBuf[0] = Tab[dig0];                 
 141   5                                                      break;
 142   5                                              case 1:
 143   5                                                      DispBuf[7] = Tab[dig2] | 0x80;  // 该位带小数点显示
 144   5                                                      DispBuf[6] = Tab[dig1];
 145   5                                                      DispBuf[5] = Tab[dig0];
 146   5                                                      DispBuf[4] = 0x00;
 147   5                                                      DispBuf[3] = Tab[9]; 
 148   5                                                      DispBuf[2] = Tab[0];
 149   5                                                      DispBuf[1] = Tab[5];
 150   5                                                      DispBuf[0] = Tab[0];
 151   5                                                      break;
 152   5                                      }               
 153   4                                      if ( sec==3 )
 154   4                                      {
 155   5                                              break;
 156   5                                              sec=0;
 157   5                                              ms10=0;
 158   5                                      }
 159   4              
 160   4                                      Delay(1);                                               //0.01s(10ms)更新显示一次
 161   4                              }
 162   3                      }
 163   2              }
 164   1      
 165   1      }
 166          


MODULE INFORMATION:   STATIC OVERLAYABLE
   CODE SIZE        =    299    ----
   CONSTANT SIZE    =     24    ----
   XDATA SIZE       =   ----    ----
   PDATA SIZE       =   ----    ----
   DATA SIZE        =      9       1
   IDATA SIZE       =   ----    ----
   BIT SIZE         =   ----    ----
END OF MODULE INFORMATION.


C51 COMPILATION COMPLETE.  0 WARNING(S),  0 ERROR(S)
